<?xml version="1.0" encoding="UTF-8"?>
<testsuite xmlns:xsi="http://www.w3.org/2001/XMLSchema-instance" xsi:schemaLocation="https://maven.apache.org/surefire/maven-surefire-plugin/xsd/surefire-test-report.xsd" name="kr.or.dining_together.member.controller.MenuControllerTest" time="1.939" tests="1" errors="1" skipped="0" failures="0">
  <properties>
[...]
</properties>
  <testcase name="initializationError" classname="kr.or.dining_together.member.controller.MenuControllerTest" time="0.002">
    <error message="Invalid test class &apos;kr.or.dining_together.member.controller.MenuControllerTest&apos;:&#10;  1. The class kr.or.dining_together.member.controller.MenuControllerTest is not public.&#10;  2. Test class should have exactly one public constructor&#10;  3. No runnable methods" type="org.junit.runners.model.InvalidTestClassError">org.junit.runners.model.InvalidTestClassError: 
Invalid test class 'kr.or.dining_together.member.controller.MenuControllerTest':
  1. The class kr.or.dining_together.member.controller.MenuControllerTest is not public.
  2. Test class should have exactly one public constructor
  3. No runnable methods
</error>
    <system-out><![CDATA[20:23:14,910 |-WARN in net.logstash.logback.appender.LogstashTcpSocketAppender[stash] - Log destination ::4560: connection failed. java.net.UnknownHostException: :
	at java.net.UnknownHostException: :
	at 	at java.base/java.net.AbstractPlainSocketImpl.connect(AbstractPlainSocketImpl.java:220)
	at 	at java.base/java.net.SocksSocketImpl.connect(SocksSocketImpl.java:392)
	at 	at java.base/java.net.Socket.connect(Socket.java:608)
	at 	at net.logstash.logback.appender.AbstractLogstashTcpSocketAppender$TcpSendingEventHandler.openSocket(AbstractLogstashTcpSocketAppender.java:717)
	at 	at net.logstash.logback.appender.AbstractLogstashTcpSocketAppender$TcpSendingEventHandler.onStart(AbstractLogstashTcpSocketAppender.java:637)
	at 	at net.logstash.logback.appender.AsyncDisruptorAppender$EventClearingEventHandler.onStart(AsyncDisruptorAppender.java:351)
	at 	at net.logstash.logback.encoder.com.lmax.disruptor.BatchEventProcessor.notifyStart(BatchEventProcessor.java:224)
	at 	at net.logstash.logback.encoder.com.lmax.disruptor.BatchEventProcessor.run(BatchEventProcessor.java:120)
	at 	at java.base/java.util.concurrent.Executors$RunnableAdapter.call(Executors.java:515)
	at 	at java.base/java.util.concurrent.FutureTask.run(FutureTask.java:264)
	at 	at java.base/java.util.concurrent.ScheduledThreadPoolExecutor$ScheduledFutureTask.run(ScheduledThreadPoolExecutor.java:304)
	at 	at java.base/java.util.concurrent.ThreadPoolExecutor.runWorker(ThreadPoolExecutor.java:1128)
	at 	at java.base/java.util.concurrent.ThreadPoolExecutor$Worker.run(ThreadPoolExecutor.java:628)
	at 	at java.base/java.lang.Thread.run(Thread.java:834)
20:23:14,917 |-WARN in net.logstash.logback.appender.LogstashTcpSocketAppender[stash] - Log destination ::4560: Waiting 29986ms before attempting reconnection.
]]></system-out>
  </testcase>
</testsuite>