<?xml version="1.0" encoding="UTF-8"?>
<testsuite xmlns:xsi="http://www.w3.org/2001/XMLSchema-instance" xsi:noNamespaceSchemaLocation="https://maven.apache.org/surefire/maven-surefire-plugin/xsd/surefire-test-report.xsd" name="kr.or.dining_together.member.controller.MenuControllerTest" time="0.646" tests="4" errors="0" skipped="0" failures="0">
  <properties>
[...]
</properties>
  <testcase name="registerMenu" classname="kr.or.dining_together.member.controller.MenuControllerTest" time="0.169"/>
  <testcase name="menus" classname="kr.or.dining_together.member.controller.MenuControllerTest" time="0.16"/>
  <testcase name="modifyMenu" classname="kr.or.dining_together.member.controller.MenuControllerTest" time="0.156"/>
  <testcase name="deleteMenu" classname="kr.or.dining_together.member.controller.MenuControllerTest" time="0.153"/>
</testsuite>