<?xml version="1.0" encoding="UTF-8"?>
<testsuite xmlns:xsi="http://www.w3.org/2001/XMLSchema-instance" xsi:schemaLocation="https://maven.apache.org/surefire/maven-surefire-plugin/xsd/surefire-test-report.xsd" name="kr.or.dining_together.member.service.RedisUtilTest" time="14.669" tests="2" errors="2" skipped="0" failures="0">
  <properties>
[...]
</properties>
  <testcase name="deleteAndCheckDataTest" classname="kr.or.dining_together.member.service.RedisUtilTest" time="0">
    <error message="Failed to load ApplicationContext" type="java.lang.IllegalStateException">java.lang.IllegalStateException: Failed to load ApplicationContext
Caused by: org.springframework.beans.factory.BeanCreationException: Error creating bean with name 'kafkaConsumerConfig': Injection of autowired dependencies failed; nested exception is java.lang.IllegalArgumentException: Could not resolve placeholder 'kafka.bootstrapAddress' in value "${kafka.bootstrapAddress}"
Caused by: java.lang.IllegalArgumentException: Could not resolve placeholder 'kafka.bootstrapAddress' in value "${kafka.bootstrapAddress}"
</error>
    <system-out><![CDATA[INFO  20:24:37.822 [main] o.s.b.t.c.SpringBootTestContextBootstrapper - Neither @ContextConfiguration nor @ContextHierarchy found for test class [kr.or.dining_together.member.service.RedisUtilTest], using SpringBootContextLoader
INFO  20:24:37.824 [main] o.s.t.c.s.AbstractContextLoader - Could not detect default resource locations for test class [kr.or.dining_together.member.service.RedisUtilTest]: no resource found for suffixes {-context.xml, Context.groovy}.
INFO  20:24:37.824 [main] o.s.t.c.s.AnnotationConfigContextLoaderUtils - Could not detect default configuration classes for test class [kr.or.dining_together.member.service.RedisUtilTest]: RedisUtilTest does not declare any static, non-private, non-final, nested classes annotated with @Configuration.
INFO  20:24:37.826 [main] o.s.b.t.c.SpringBootTestContextBootstrapper - Found @SpringBootConfiguration kr.or.dining_together.member.MemberApplication for test class kr.or.dining_together.member.service.RedisUtilTest
INFO  20:24:37.829 [main] o.s.b.t.c.SpringBootTestContextBootstrapper - Loaded default TestExecutionListener class names from location [META-INF/spring.factories]: [org.springframework.boot.test.mock.mockito.MockitoTestExecutionListener, org.springframework.boot.test.mock.mockito.ResetMocksTestExecutionListener, org.springframework.boot.test.autoconfigure.restdocs.RestDocsTestExecutionListener, org.springframework.boot.test.autoconfigure.web.client.MockRestServiceServerResetTestExecutionListener, org.springframework.boot.test.autoconfigure.web.servlet.MockMvcPrintOnlyOnFailureTestExecutionListener, org.springframework.boot.test.autoconfigure.web.servlet.WebDriverTestExecutionListener, org.springframework.boot.test.autoconfigure.webservices.client.MockWebServiceServerTestExecutionListener, org.springframework.test.context.web.ServletTestExecutionListener, org.springframework.test.context.support.DirtiesContextBeforeModesTestExecutionListener, org.springframework.test.context.event.ApplicationEventsTestExecutionListener, org.springframework.test.context.support.DependencyInjectionTestExecutionListener, org.springframework.test.context.support.DirtiesContextTestExecutionListener, org.springframework.test.context.transaction.TransactionalTestExecutionListener, org.springframework.test.context.jdbc.SqlScriptsTestExecutionListener, org.springframework.test.context.event.EventPublishingTestExecutionListener, org.springframework.security.test.context.support.WithSecurityContextTestExecutionListener, org.springframework.security.test.context.support.ReactorContextTestExecutionListener]
INFO  20:24:37.830 [main] o.s.b.t.c.SpringBootTestContextBootstrapper - Using TestExecutionListeners: [org.springframework.test.context.web.ServletTestExecutionListener@5d710a8c, org.springframework.test.context.support.DirtiesContextBeforeModesTestExecutionListener@6645004e, org.springframework.test.context.event.ApplicationEventsTestExecutionListener@1110922, org.springframework.boot.test.mock.mockito.MockitoTestExecutionListener@689d2b73, org.springframework.boot.test.autoconfigure.SpringBootDependencyInjectionTestExecutionListener@3d6d6986, org.springframework.test.context.support.DirtiesContextTestExecutionListener@73e44915, org.springframework.test.context.transaction.TransactionalTestExecutionListener@7a350652, org.springframework.test.context.jdbc.SqlScriptsTestExecutionListener@7b726cd4, org.springframework.test.context.event.EventPublishingTestExecutionListener@2d851b65, org.springframework.security.test.context.support.WithSecurityContextTestExecutionListener@7c784321, org.springframework.security.test.context.support.ReactorContextTestExecutionListener@2e2dcd6a, org.springframework.boot.test.mock.mockito.ResetMocksTestExecutionListener@46d100b7, org.springframework.boot.test.autoconfigure.restdocs.RestDocsTestExecutionListener@430a653b, org.springframework.boot.test.autoconfigure.web.client.MockRestServiceServerResetTestExecutionListener@7d555730, org.springframework.boot.test.autoconfigure.web.servlet.MockMvcPrintOnlyOnFailureTestExecutionListener@3dd3936d, org.springframework.boot.test.autoconfigure.web.servlet.WebDriverTestExecutionListener@73c9f8d8, org.springframework.boot.test.autoconfigure.webservices.client.MockWebServiceServerTestExecutionListener@637a7827]
20:24:39,273 |-WARN in net.logstash.logback.appender.LogstashTcpSocketAppender[stash] - Log destination ::4560: connection failed. java.net.UnknownHostException: :
	at java.net.UnknownHostException: :
	at 	at java.base/java.net.AbstractPlainSocketImpl.connect(AbstractPlainSocketImpl.java:220)
	at 	at java.base/java.net.SocksSocketImpl.connect(SocksSocketImpl.java:392)
	at 	at java.base/java.net.Socket.connect(Socket.java:608)
	at 	at net.logstash.logback.appender.AbstractLogstashTcpSocketAppender$TcpSendingEventHandler.openSocket(AbstractLogstashTcpSocketAppender.java:717)
	at 	at net.logstash.logback.appender.AbstractLogstashTcpSocketAppender$TcpSendingEventHandler.onStart(AbstractLogstashTcpSocketAppender.java:637)
	at 	at net.logstash.logback.appender.AsyncDisruptorAppender$EventClearingEventHandler.onStart(AsyncDisruptorAppender.java:351)
	at 	at net.logstash.logback.encoder.com.lmax.disruptor.BatchEventProcessor.notifyStart(BatchEventProcessor.java:224)
	at 	at net.logstash.logback.encoder.com.lmax.disruptor.BatchEventProcessor.run(BatchEventProcessor.java:120)
	at 	at java.base/java.util.concurrent.Executors$RunnableAdapter.call(Executors.java:515)
	at 	at java.base/java.util.concurrent.FutureTask.run(FutureTask.java:264)
	at 	at java.base/java.util.concurrent.ScheduledThreadPoolExecutor$ScheduledFutureTask.run(ScheduledThreadPoolExecutor.java:304)
	at 	at java.base/java.util.concurrent.ThreadPoolExecutor.runWorker(ThreadPoolExecutor.java:1128)
	at 	at java.base/java.util.concurrent.ThreadPoolExecutor$Worker.run(ThreadPoolExecutor.java:628)
	at 	at java.base/java.lang.Thread.run(Thread.java:834)
20:24:39,273 |-WARN in net.logstash.logback.appender.LogstashTcpSocketAppender[stash] - Log destination ::4560: Waiting 30000ms before attempting reconnection.
20:24:40,741 |-WARN in net.logstash.logback.appender.LogstashTcpSocketAppender[stash] - Log destination ::4560: connection failed. java.net.UnknownHostException: :
	at java.net.UnknownHostException: :
	at 	at java.base/java.net.AbstractPlainSocketImpl.connect(AbstractPlainSocketImpl.java:220)
	at 	at java.base/java.net.SocksSocketImpl.connect(SocksSocketImpl.java:392)
	at 	at java.base/java.net.Socket.connect(Socket.java:608)
	at 	at net.logstash.logback.appender.AbstractLogstashTcpSocketAppender$TcpSendingEventHandler.openSocket(AbstractLogstashTcpSocketAppender.java:717)
	at 	at net.logstash.logback.appender.AbstractLogstashTcpSocketAppender$TcpSendingEventHandler.onStart(AbstractLogstashTcpSocketAppender.java:637)
	at 	at net.logstash.logback.appender.AsyncDisruptorAppender$EventClearingEventHandler.onStart(AsyncDisruptorAppender.java:351)
	at 	at net.logstash.logback.encoder.com.lmax.disruptor.BatchEventProcessor.notifyStart(BatchEventProcessor.java:224)
	at 	at net.logstash.logback.encoder.com.lmax.disruptor.BatchEventProcessor.run(BatchEventProcessor.java:120)
	at 	at java.base/java.util.concurrent.Executors$RunnableAdapter.call(Executors.java:515)
	at 	at java.base/java.util.concurrent.FutureTask.run(FutureTask.java:264)
	at 	at java.base/java.util.concurrent.ScheduledThreadPoolExecutor$ScheduledFutureTask.run(ScheduledThreadPoolExecutor.java:304)
	at 	at java.base/java.util.concurrent.ThreadPoolExecutor.runWorker(ThreadPoolExecutor.java:1128)
	at 	at java.base/java.util.concurrent.ThreadPoolExecutor$Worker.run(ThreadPoolExecutor.java:628)
	at 	at java.base/java.lang.Thread.run(Thread.java:834)
20:24:40,741 |-WARN in net.logstash.logback.appender.LogstashTcpSocketAppender[stash] - Log destination ::4560: Waiting 30000ms before attempting reconnection.

  .   ____          _            __ _ _
 /\\ / ___'_ __ _ _(_)_ __  __ _ \ \ \ \
( ( )\___ | '_ | '_| | '_ \/ _` | \ \ \ \
 \\/  ___)| |_)| | | | | || (_| |  ) ) ) )
  '  |____| .__|_| |_|_| |_\__, | / / / /
 =========|_|==============|___/=/_/_/_/
 :: Spring Boot ::       (v2.4.7-SNAPSHOT)

INFO  20:24:40.770 [main] o.s.c.c.c.ConfigServicePropertySourceLocator - Fetching config from server at : http://49.50.163.150:8888
INFO  20:24:42.630 [main] o.s.c.c.c.ConfigServicePropertySourceLocator - Located environment: name=token, profiles=[default], label=null, version=a5f7c643677bec824642c84233566f51aef58a8e, state=null
INFO  20:24:42.631 [main] o.s.c.b.c.PropertySourceBootstrapConfiguration - Located property source: [BootstrapPropertySource {name='bootstrapProperties-configClient'}, BootstrapPropertySource {name='bootstrapProperties-git@github.com:Dining-together/config.git/token.yml'}]
20:24:42,682 |-WARN in net.logstash.logback.appender.LogstashTcpSocketAppender[stash] - Log destination ::4560: connection failed. java.net.UnknownHostException: :
	at java.net.UnknownHostException: :
	at 	at java.base/java.net.AbstractPlainSocketImpl.connect(AbstractPlainSocketImpl.java:220)
	at 	at java.base/java.net.SocksSocketImpl.connect(SocksSocketImpl.java:392)
	at 	at java.base/java.net.Socket.connect(Socket.java:608)
	at 	at net.logstash.logback.appender.AbstractLogstashTcpSocketAppender$TcpSendingEventHandler.openSocket(AbstractLogstashTcpSocketAppender.java:717)
	at 	at net.logstash.logback.appender.AbstractLogstashTcpSocketAppender$TcpSendingEventHandler.onStart(AbstractLogstashTcpSocketAppender.java:637)
	at 	at net.logstash.logback.appender.AsyncDisruptorAppender$EventClearingEventHandler.onStart(AsyncDisruptorAppender.java:351)
	at 	at net.logstash.logback.encoder.com.lmax.disruptor.BatchEventProcessor.notifyStart(BatchEventProcessor.java:224)
	at 	at net.logstash.logback.encoder.com.lmax.disruptor.BatchEventProcessor.run(BatchEventProcessor.java:120)
	at 	at java.base/java.util.concurrent.Executors$RunnableAdapter.call(Executors.java:515)
	at 	at java.base/java.util.concurrent.FutureTask.run(FutureTask.java:264)
	at 	at java.base/java.util.concurrent.ScheduledThreadPoolExecutor$ScheduledFutureTask.run(ScheduledThreadPoolExecutor.java:304)
	at 	at java.base/java.util.concurrent.ThreadPoolExecutor.runWorker(ThreadPoolExecutor.java:1128)
	at 	at java.base/java.util.concurrent.ThreadPoolExecutor$Worker.run(ThreadPoolExecutor.java:628)
	at 	at java.base/java.lang.Thread.run(Thread.java:834)
20:24:42,682 |-WARN in net.logstash.logback.appender.LogstashTcpSocketAppender[stash] - Log destination ::4560: Waiting 29999ms before attempting reconnection.
WARN  20:24:42.690 [main] o.s.b.t.j.DuplicateJsonObjectContextCustomizerFactory$DuplicateJsonObjectContextCustomizer - 

Found multiple occurrences of org.json.JSONObject on the class path:

	jar:file:/C:/Users/qja96/.m2/repository/com/vaadin/external/google/android-json/0.0.20131108.vaadin1/android-json-0.0.20131108.vaadin1.jar!/org/json/JSONObject.class
	jar:file:/C:/Users/qja96/.m2/repository/org/json/json/20160212/json-20160212.jar!/org/json/JSONObject.class

You may wish to exclude one of them to ensure predictable runtime behavior

INFO  20:24:42.695 [main] k.o.d.member.service.RedisUtilTest - No active profile set, falling back to default profiles: default
INFO  20:24:44.065 [main] o.s.d.r.c.RepositoryConfigurationDelegate - Multiple Spring Data modules found, entering strict repository configuration mode!
INFO  20:24:44.065 [main] o.s.d.r.c.RepositoryConfigurationDelegate - Bootstrapping Spring Data JPA repositories in DEFAULT mode.
INFO  20:24:44.205 [main] o.s.d.r.c.RepositoryConfigurationDelegate - Finished Spring Data repository scanning in 140 ms. Found 10 JPA repository interfaces.
INFO  20:24:44.214 [main] o.s.d.r.c.RepositoryConfigurationDelegate - Multiple Spring Data modules found, entering strict repository configuration mode!
INFO  20:24:44.214 [main] o.s.d.r.c.RepositoryConfigurationDelegate - Bootstrapping Spring Data Redis repositories in DEFAULT mode.
INFO  20:24:44.271 [main] o.s.d.r.c.RepositoryConfigurationExtensionSupport - Spring Data Redis - Could not safely identify store assignment for repository candidate interface kr.or.dining_together.member.jpa.repo.CustomerFavoritesRepository. If you want this repository to be a Redis repository, consider annotating your entities with one of these annotations: org.springframework.data.redis.core.RedisHash (preferred), or consider extending one of the following types with your repository: org.springframework.data.keyvalue.repository.KeyValueRepository.
INFO  20:24:44.272 [main] o.s.d.r.c.RepositoryConfigurationExtensionSupport - Spring Data Redis - Could not safely identify store assignment for repository candidate interface kr.or.dining_together.member.jpa.repo.CustomerRepository. If you want this repository to be a Redis repository, consider annotating your entities with one of these annotations: org.springframework.data.redis.core.RedisHash (preferred), or consider extending one of the following types with your repository: org.springframework.data.keyvalue.repository.KeyValueRepository.
INFO  20:24:44.272 [main] o.s.d.r.c.RepositoryConfigurationExtensionSupport - Spring Data Redis - Could not safely identify store assignment for repository candidate interface kr.or.dining_together.member.jpa.repo.FacilityEtcRepository. If you want this repository to be a Redis repository, consider annotating your entities with one of these annotations: org.springframework.data.redis.core.RedisHash (preferred), or consider extending one of the following types with your repository: org.springframework.data.keyvalue.repository.KeyValueRepository.
INFO  20:24:44.272 [main] o.s.d.r.c.RepositoryConfigurationExtensionSupport - Spring Data Redis - Could not safely identify store assignment for repository candidate interface kr.or.dining_together.member.jpa.repo.FacilityRepository. If you want this repository to be a Redis repository, consider annotating your entities with one of these annotations: org.springframework.data.redis.core.RedisHash (preferred), or consider extending one of the following types with your repository: org.springframework.data.keyvalue.repository.KeyValueRepository.
INFO  20:24:44.272 [main] o.s.d.r.c.RepositoryConfigurationExtensionSupport - Spring Data Redis - Could not safely identify store assignment for repository candidate interface kr.or.dining_together.member.jpa.repo.MenuRepository. If you want this repository to be a Redis repository, consider annotating your entities with one of these annotations: org.springframework.data.redis.core.RedisHash (preferred), or consider extending one of the following types with your repository: org.springframework.data.keyvalue.repository.KeyValueRepository.
INFO  20:24:44.272 [main] o.s.d.r.c.RepositoryConfigurationExtensionSupport - Spring Data Redis - Could not safely identify store assignment for repository candidate interface kr.or.dining_together.member.jpa.repo.StoreFavoritesRepository. If you want this repository to be a Redis repository, consider annotating your entities with one of these annotations: org.springframework.data.redis.core.RedisHash (preferred), or consider extending one of the following types with your repository: org.springframework.data.keyvalue.repository.KeyValueRepository.
INFO  20:24:44.273 [main] o.s.d.r.c.RepositoryConfigurationExtensionSupport - Spring Data Redis - Could not safely identify store assignment for repository candidate interface kr.or.dining_together.member.jpa.repo.StoreImagesRepository. If you want this repository to be a Redis repository, consider annotating your entities with one of these annotations: org.springframework.data.redis.core.RedisHash (preferred), or consider extending one of the following types with your repository: org.springframework.data.keyvalue.repository.KeyValueRepository.
INFO  20:24:44.273 [main] o.s.d.r.c.RepositoryConfigurationExtensionSupport - Spring Data Redis - Could not safely identify store assignment for repository candidate interface kr.or.dining_together.member.jpa.repo.StoreRepository. If you want this repository to be a Redis repository, consider annotating your entities with one of these annotations: org.springframework.data.redis.core.RedisHash (preferred), or consider extending one of the following types with your repository: org.springframework.data.keyvalue.repository.KeyValueRepository.
INFO  20:24:44.273 [main] o.s.d.r.c.RepositoryConfigurationExtensionSupport - Spring Data Redis - Could not safely identify store assignment for repository candidate interface kr.or.dining_together.member.jpa.repo.UserDeviceTokenRepository. If you want this repository to be a Redis repository, consider annotating your entities with one of these annotations: org.springframework.data.redis.core.RedisHash (preferred), or consider extending one of the following types with your repository: org.springframework.data.keyvalue.repository.KeyValueRepository.
INFO  20:24:44.274 [main] o.s.d.r.c.RepositoryConfigurationExtensionSupport - Spring Data Redis - Could not safely identify store assignment for repository candidate interface kr.or.dining_together.member.jpa.repo.UserRepository. If you want this repository to be a Redis repository, consider annotating your entities with one of these annotations: org.springframework.data.redis.core.RedisHash (preferred), or consider extending one of the following types with your repository: org.springframework.data.keyvalue.repository.KeyValueRepository.
INFO  20:24:44.274 [main] o.s.d.r.c.RepositoryConfigurationDelegate - Finished Spring Data repository scanning in 59 ms. Found 0 Redis repository interfaces.
INFO  20:24:44.444 [main] o.s.cloud.context.scope.GenericScope - BeanFactory id=13202456-23ab-3cf8-81e5-3eefaae942ac
INFO  20:24:44.463 [main] o.s.c.a.ConfigurationClassEnhancer - @Bean method FunctionConfiguration.po is non-static and returns an object assignable to Spring's BeanFactoryPostProcessor interface. This will result in a failure to process annotations such as @Autowired, @Resource and @PostConstruct within the method's declaring @Configuration class. Add the 'static' modifier to this method to avoid these container lifecycle issues; see @Bean javadoc for complete details.
INFO  20:24:44.467 [main] o.s.i.c.DefaultConfiguringBeanFactoryPostProcessor - No bean named 'errorChannel' has been explicitly defined. Therefore, a default PublishSubscribeChannel will be created.
INFO  20:24:44.467 [main] o.s.i.c.DefaultConfiguringBeanFactoryPostProcessor - No bean named 'taskScheduler' has been explicitly defined. Therefore, a default ThreadPoolTaskScheduler will be created.
INFO  20:24:44.471 [main] o.s.i.c.DefaultConfiguringBeanFactoryPostProcessor - No bean named 'integrationHeaderChannelRegistry' has been explicitly defined. Therefore, a default DefaultHeaderChannelRegistry will be created.
INFO  20:24:44.669 [main] o.s.c.s.PostProcessorRegistrationDelegate$BeanPostProcessorChecker - Bean 'org.springframework.security.access.expression.method.DefaultMethodSecurityExpressionHandler@156b7b80' of type [org.springframework.security.access.expression.method.DefaultMethodSecurityExpressionHandler] is not eligible for getting processed by all BeanPostProcessors (for example: not eligible for auto-proxying)
INFO  20:24:44.692 [main] o.s.c.s.PostProcessorRegistrationDelegate$BeanPostProcessorChecker - Bean 'methodSecurityMetadataSource' of type [org.springframework.security.access.method.DelegatingMethodSecurityMetadataSource] is not eligible for getting processed by all BeanPostProcessors (for example: not eligible for auto-proxying)
INFO  20:24:44.735 [main] o.s.c.s.PostProcessorRegistrationDelegate$BeanPostProcessorChecker - Bean 'org.springframework.cloud.stream.config.BindersHealthIndicatorAutoConfiguration' of type [org.springframework.cloud.stream.config.BindersHealthIndicatorAutoConfiguration$$EnhancerBySpringCGLIB$$6cdc5582] is not eligible for getting processed by all BeanPostProcessors (for example: not eligible for auto-proxying)
INFO  20:24:44.743 [main] o.s.c.s.PostProcessorRegistrationDelegate$BeanPostProcessorChecker - Bean 'bindersHealthContributor' of type [org.springframework.cloud.stream.config.BindersHealthIndicatorAutoConfiguration$BindersHealthContributor] is not eligible for getting processed by all BeanPostProcessors (for example: not eligible for auto-proxying)
INFO  20:24:44.747 [main] o.s.c.s.PostProcessorRegistrationDelegate$BeanPostProcessorChecker - Bean 'bindersHealthIndicatorListener' of type [org.springframework.cloud.stream.config.BindersHealthIndicatorAutoConfiguration$BindersHealthIndicatorListener] is not eligible for getting processed by all BeanPostProcessors (for example: not eligible for auto-proxying)
INFO  20:24:44.775 [main] o.s.c.s.PostProcessorRegistrationDelegate$BeanPostProcessorChecker - Bean 'org.springframework.integration.config.IntegrationManagementConfiguration' of type [org.springframework.integration.config.IntegrationManagementConfiguration] is not eligible for getting processed by all BeanPostProcessors (for example: not eligible for auto-proxying)
INFO  20:24:44.806 [main] o.s.c.s.PostProcessorRegistrationDelegate$BeanPostProcessorChecker - Bean 'integrationChannelResolver' of type [org.springframework.integration.support.channel.BeanFactoryChannelResolver] is not eligible for getting processed by all BeanPostProcessors (for example: not eligible for auto-proxying)
INFO  20:24:44.811 [main] o.s.c.s.PostProcessorRegistrationDelegate$BeanPostProcessorChecker - Bean 'integrationDisposableAutoCreatedBeans' of type [org.springframework.integration.config.annotation.Disposables] is not eligible for getting processed by all BeanPostProcessors (for example: not eligible for auto-proxying)
INFO  20:24:45.036 [main] o.h.jpa.internal.util.LogHelper - HHH000204: Processing PersistenceUnitInfo [name: default]
INFO  20:24:45.053 [main] com.zaxxer.hikari.HikariDataSource - HikariPool-8 - Starting...
INFO  20:24:45.056 [main] com.zaxxer.hikari.HikariDataSource - HikariPool-8 - Start completed.
INFO  20:24:45.056 [main] org.hibernate.dialect.Dialect - HHH000400: Using dialect: org.hibernate.dialect.H2Dialect
WARN  20:24:45.065 [main] org.hibernate.cfg.AnnotationBinder - HHH000457: Joined inheritance hierarchy [kr.or.dining_together.member.jpa.entity.User] defined explicit @DiscriminatorColumn.  Legacy Hibernate behavior was to ignore the @DiscriminatorColumn.  However, as part of issue HHH-6911 we now apply the explicit @DiscriminatorColumn.  If you would prefer the legacy behavior, enable the `hibernate.discriminator.ignore_explicit_for_joined` setting (hibernate.discriminator.ignore_explicit_for_joined=true)
WARN  20:24:45.073 [main] org.hibernate.cfg.AnnotationBinder - HHH000137: Root entity should not hold a PrimaryKeyJoinColum(s), will be ignored: kr.or.dining_together.member.jpa.entity.Menu
DEBUG 20:24:45.231 [main] org.hibernate.SQL - 
    
    drop table if exists customer CASCADE 
DEBUG 20:24:45.232 [main] org.hibernate.SQL - 
    
    drop table if exists customer_favorites CASCADE 
DEBUG 20:24:45.232 [main] org.hibernate.SQL - 
    
    drop table if exists facility CASCADE 
DEBUG 20:24:45.232 [main] org.hibernate.SQL - 
    
    drop table if exists facility_etc CASCADE 
DEBUG 20:24:45.232 [main] org.hibernate.SQL - 
    
    drop table if exists menu CASCADE 
DEBUG 20:24:45.232 [main] org.hibernate.SQL - 
    
    drop table if exists store CASCADE 
DEBUG 20:24:45.232 [main] org.hibernate.SQL - 
    
    drop table if exists store_favorites CASCADE 
DEBUG 20:24:45.232 [main] org.hibernate.SQL - 
    
    drop table if exists stroe_images CASCADE 
DEBUG 20:24:45.232 [main] org.hibernate.SQL - 
    
    drop table if exists user CASCADE 
DEBUG 20:24:45.233 [main] org.hibernate.SQL - 
    
    drop table if exists user_roles CASCADE 
DEBUG 20:24:45.233 [main] org.hibernate.SQL - 
    
    drop table if exists user_device_token CASCADE 
DEBUG 20:24:45.233 [main] org.hibernate.SQL - 
    
    create table customer (
       addr varchar(255),
        age integer,
        gender varchar(100),
        latitude double not null,
        longitude double not null,
        user_id bigint not null,
        primary key (user_id)
    )
DEBUG 20:24:45.234 [main] org.hibernate.SQL - 
    
    create table customer_favorites (
       id bigint generated by default as identity,
        store_id bigint,
        user_id bigint,
        primary key (id)
    )
DEBUG 20:24:45.235 [main] org.hibernate.SQL - 
    
    create table facility (
       id bigint generated by default as identity,
        capacity integer not null,
        parking boolean not null,
        parking_count integer not null,
        store_user_id bigint,
        primary key (id)
    )
DEBUG 20:24:45.236 [main] org.hibernate.SQL - 
    
    create table facility_etc (
       id bigint generated by default as identity,
        facility_type integer,
        facility_id bigint,
        primary key (id)
    )
DEBUG 20:24:45.237 [main] org.hibernate.SQL - 
    
    create table menu (
       menu_id bigint generated by default as identity,
        description varchar(255),
        name varchar(100),
        path varchar(255),
        price integer,
        id bigint,
        primary key (menu_id)
    )
DEBUG 20:24:45.238 [main] org.hibernate.SQL - 
    
    create table store (
       addr varchar(255),
        closed_time timestamp,
        comment varchar(255),
        document_checked boolean default false,
        document_file_path varchar(255),
        latitude double not null,
        longitude double not null,
        open_time timestamp,
        phone_num varchar(255),
        review_avg double not null,
        review_cnt integer not null,
        store_type integer,
        user_id bigint not null,
        facility_id bigint,
        primary key (user_id)
    )
DEBUG 20:24:45.239 [main] org.hibernate.SQL - 
    
    create table store_favorites (
       id bigint generated by default as identity,
        auction_id bigint,
        store_id bigint,
        primary key (id)
    )
DEBUG 20:24:45.240 [main] org.hibernate.SQL - 
    
    create table stroe_images (
       id bigint generated by default as identity,
        file_name varchar(255),
        path varchar(255),
        store_id bigint,
        primary key (id)
    )
DEBUG 20:24:45.241 [main] org.hibernate.SQL - 
    
    create table user (
       user_type varchar(31) not null,
        id bigint generated by default as identity,
        created_date timestamp,
        email varchar(100) not null,
        join_date timestamp,
        name varchar(100),
        password varchar(100),
        path varchar(100),
        provider varchar(100) default 'application',
        type varchar(100),
        updated_date timestamp,
        primary key (id)
    )
DEBUG 20:24:45.242 [main] org.hibernate.SQL - 
    
    create table user_roles (
       user_id bigint not null,
        roles varchar(255)
    )
DEBUG 20:24:45.243 [main] org.hibernate.SQL - 
    
    create table user_device_token (
       id bigint generated by default as identity,
        token varchar(255),
        user_id bigint,
        primary key (id)
    )
DEBUG 20:24:45.244 [main] org.hibernate.SQL - 
    
    alter table user 
       add constraint UK_ob8kqyqqgmefl0aco34akdtpe unique (email)
DEBUG 20:24:45.245 [main] org.hibernate.SQL - 
    
    alter table customer 
       add constraint FKj8dlm21j202cadsbfkoem0s58 
       foreign key (user_id) 
       references user
DEBUG 20:24:45.247 [main] org.hibernate.SQL - 
    
    alter table customer_favorites 
       add constraint FKby6wtj438hvlcocskobsxhacb 
       foreign key (user_id) 
       references customer
DEBUG 20:24:45.249 [main] org.hibernate.SQL - 
    
    alter table facility 
       add constraint FK2t1xkkq1xf6ya9y0y0brrp24o 
       foreign key (store_user_id) 
       references store
DEBUG 20:24:45.251 [main] org.hibernate.SQL - 
    
    alter table facility_etc 
       add constraint FK2sh9do92rtcbgujf6f18yn61r 
       foreign key (facility_id) 
       references facility
DEBUG 20:24:45.253 [main] org.hibernate.SQL - 
    
    alter table menu 
       add constraint FK5bgjgtt42b2nqs5iwuerf2crv 
       foreign key (id) 
       references store
DEBUG 20:24:45.255 [main] org.hibernate.SQL - 
    
    alter table store 
       add constraint FK9fh1vnqkn5p5vvruffkttolqc 
       foreign key (facility_id) 
       references facility
DEBUG 20:24:45.257 [main] org.hibernate.SQL - 
    
    alter table store 
       add constraint FKn82wpcqrb21yddap4s3ttwnxj 
       foreign key (user_id) 
       references user
DEBUG 20:24:45.259 [main] org.hibernate.SQL - 
    
    alter table store_favorites 
       add constraint FKlvyjcmwrjqaoy8wgh3qqgptmt 
       foreign key (store_id) 
       references store
DEBUG 20:24:45.260 [main] org.hibernate.SQL - 
    
    alter table stroe_images 
       add constraint FKd6c3c0h2nw18v8itsnmtokyxh 
       foreign key (store_id) 
       references store
DEBUG 20:24:45.262 [main] org.hibernate.SQL - 
    
    alter table user_roles 
       add constraint FK55itppkw3i07do3h7qoclqd4k 
       foreign key (user_id) 
       references user
DEBUG 20:24:45.263 [main] org.hibernate.SQL - 
    
    alter table user_device_token 
       add constraint FKtjrv42kg0ssy0qcmhqgx88uwh 
       foreign key (user_id) 
       references user
INFO  20:24:45.266 [main] o.h.e.t.j.p.i.JtaPlatformInitiator - HHH000490: Using JtaPlatform implementation: [org.hibernate.engine.transaction.jta.platform.internal.NoJtaPlatform]
INFO  20:24:45.267 [main] o.s.o.j.LocalContainerEntityManagerFactoryBean - Initialized JPA EntityManagerFactory for persistence unit 'default'
WARN  20:24:45.356 [main] o.s.w.c.s.GenericWebApplicationContext - Exception encountered during context initialization - cancelling refresh attempt: org.springframework.beans.factory.BeanCreationException: Error creating bean with name 'kafkaConsumerConfig': Injection of autowired dependencies failed; nested exception is java.lang.IllegalArgumentException: Could not resolve placeholder 'kafka.bootstrapAddress' in value "${kafka.bootstrapAddress}"
INFO  20:24:45.356 [main] o.s.o.j.LocalContainerEntityManagerFactoryBean - Closing JPA EntityManagerFactory for persistence unit 'default'
INFO  20:24:45.356 [main] com.zaxxer.hikari.HikariDataSource - HikariPool-8 - Shutdown initiated...
INFO  20:24:45.358 [main] com.zaxxer.hikari.HikariDataSource - HikariPool-8 - Shutdown completed.
INFO  20:24:45.365 [main] o.s.b.a.l.ConditionEvaluationReportLoggingListener - 

Error starting ApplicationContext. To display the conditions report re-run your application with 'debug' enabled.
ERROR 20:24:45.369 [main] o.s.boot.SpringApplication - Application run failed
org.springframework.beans.factory.BeanCreationException: Error creating bean with name 'kafkaConsumerConfig': Injection of autowired dependencies failed; nested exception is java.lang.IllegalArgumentException: Could not resolve placeholder 'kafka.bootstrapAddress' in value "${kafka.bootstrapAddress}"
	at org.springframework.beans.factory.annotation.AutowiredAnnotationBeanPostProcessor.postProcessProperties(AutowiredAnnotationBeanPostProcessor.java:405)
	at org.springframework.beans.factory.support.AbstractAutowireCapableBeanFactory.populateBean(AbstractAutowireCapableBeanFactory.java:1413)
	at org.springframework.beans.factory.support.AbstractAutowireCapableBeanFactory.doCreateBean(AbstractAutowireCapableBeanFactory.java:601)
	at org.springframework.beans.factory.support.AbstractAutowireCapableBeanFactory.createBean(AbstractAutowireCapableBeanFactory.java:524)
	at org.springframework.beans.factory.support.AbstractBeanFactory.lambda$doGetBean$0(AbstractBeanFactory.java:335)
	at org.springframework.beans.factory.support.DefaultSingletonBeanRegistry.getSingleton(DefaultSingletonBeanRegistry.java:234)
	at org.springframework.beans.factory.support.AbstractBeanFactory.doGetBean(AbstractBeanFactory.java:333)
	at org.springframework.beans.factory.support.AbstractBeanFactory.getBean(AbstractBeanFactory.java:208)
	at org.springframework.beans.factory.support.DefaultListableBeanFactory.preInstantiateSingletons(DefaultListableBeanFactory.java:944)
	at org.springframework.context.support.AbstractApplicationContext.finishBeanFactoryInitialization(AbstractApplicationContext.java:918)
	at org.springframework.context.support.AbstractApplicationContext.refresh(AbstractApplicationContext.java:583)
	at org.springframework.boot.SpringApplication.refresh(SpringApplication.java:771)
	at org.springframework.boot.SpringApplication.refresh(SpringApplication.java:763)
	at org.springframework.boot.SpringApplication.refreshContext(SpringApplication.java:438)
	at org.springframework.boot.SpringApplication.run(SpringApplication.java:339)
	at org.springframework.boot.test.context.SpringBootContextLoader.loadContext(SpringBootContextLoader.java:123)
	at org.springframework.test.context.cache.DefaultCacheAwareContextLoaderDelegate.loadContextInternal(DefaultCacheAwareContextLoaderDelegate.java:99)
	at org.springframework.test.context.cache.DefaultCacheAwareContextLoaderDelegate.loadContext(DefaultCacheAwareContextLoaderDelegate.java:124)
	at org.springframework.test.context.support.DefaultTestContext.getApplicationContext(DefaultTestContext.java:124)
	at org.springframework.test.context.web.ServletTestExecutionListener.setUpRequestContextIfNecessary(ServletTestExecutionListener.java:190)
	at org.springframework.test.context.web.ServletTestExecutionListener.prepareTestInstance(ServletTestExecutionListener.java:132)
	at org.springframework.test.context.TestContextManager.prepareTestInstance(TestContextManager.java:244)
	at org.springframework.test.context.junit4.SpringJUnit4ClassRunner.createTest(SpringJUnit4ClassRunner.java:227)
	at org.springframework.test.context.junit4.SpringJUnit4ClassRunner$1.runReflectiveCall(SpringJUnit4ClassRunner.java:289)
	at org.junit.internal.runners.model.ReflectiveCallable.run(ReflectiveCallable.java:12)
	at org.springframework.test.context.junit4.SpringJUnit4ClassRunner.methodBlock(SpringJUnit4ClassRunner.java:291)
	at org.springframework.test.context.junit4.SpringJUnit4ClassRunner.runChild(SpringJUnit4ClassRunner.java:246)
	at org.springframework.test.context.junit4.SpringJUnit4ClassRunner.runChild(SpringJUnit4ClassRunner.java:97)
	at org.junit.runners.ParentRunner$4.run(ParentRunner.java:331)
	at org.junit.runners.ParentRunner$1.schedule(ParentRunner.java:79)
	at org.junit.runners.ParentRunner.runChildren(ParentRunner.java:329)
	at org.junit.runners.ParentRunner.access$100(ParentRunner.java:66)
	at org.junit.runners.ParentRunner$2.evaluate(ParentRunner.java:293)
	at org.springframework.test.context.junit4.statements.RunBeforeTestClassCallbacks.evaluate(RunBeforeTestClassCallbacks.java:61)
	at org.springframework.test.context.junit4.statements.RunAfterTestClassCallbacks.evaluate(RunAfterTestClassCallbacks.java:70)
	at org.junit.runners.ParentRunner$3.evaluate(ParentRunner.java:306)
	at org.junit.runners.ParentRunner.run(ParentRunner.java:413)
	at org.springframework.test.context.junit4.SpringJUnit4ClassRunner.run(SpringJUnit4ClassRunner.java:190)
	at org.apache.maven.surefire.junit4.JUnit4Provider.execute(JUnit4Provider.java:367)
	at org.apache.maven.surefire.junit4.JUnit4Provider.executeWithRerun(JUnit4Provider.java:274)
	at org.apache.maven.surefire.junit4.JUnit4Provider.executeTestSet(JUnit4Provider.java:238)
	at org.apache.maven.surefire.junit4.JUnit4Provider.invoke(JUnit4Provider.java:161)
	at org.apache.maven.surefire.booter.ForkedBooter.invokeProviderInSameClassLoader(ForkedBooter.java:290)
	at org.apache.maven.surefire.booter.ForkedBooter.runSuitesInProcess(ForkedBooter.java:242)
	at org.apache.maven.surefire.booter.ForkedBooter.main(ForkedBooter.java:121)
Caused by: java.lang.IllegalArgumentException: Could not resolve placeholder 'kafka.bootstrapAddress' in value "${kafka.bootstrapAddress}"
	at org.springframework.util.PropertyPlaceholderHelper.parseStringValue(PropertyPlaceholderHelper.java:180)
	at org.springframework.util.PropertyPlaceholderHelper.replacePlaceholders(PropertyPlaceholderHelper.java:126)
	at org.springframework.core.env.AbstractPropertyResolver.doResolvePlaceholders(AbstractPropertyResolver.java:239)
	at org.springframework.core.env.AbstractPropertyResolver.resolveRequiredPlaceholders(AbstractPropertyResolver.java:210)
	at org.springframework.context.support.PropertySourcesPlaceholderConfigurer.lambda$processProperties$0(PropertySourcesPlaceholderConfigurer.java:175)
	at org.springframework.beans.factory.support.AbstractBeanFactory.resolveEmbeddedValue(AbstractBeanFactory.java:936)
	at org.springframework.beans.factory.support.DefaultListableBeanFactory.doResolveDependency(DefaultListableBeanFactory.java:1321)
	at org.springframework.beans.factory.support.DefaultListableBeanFactory.resolveDependency(DefaultListableBeanFactory.java:1300)
	at org.springframework.beans.factory.annotation.AutowiredAnnotationBeanPostProcessor$AutowiredFieldElement.resolveFieldValue(AutowiredAnnotationBeanPostProcessor.java:657)
	at org.springframework.beans.factory.annotation.AutowiredAnnotationBeanPostProcessor$AutowiredFieldElement.inject(AutowiredAnnotationBeanPostProcessor.java:640)
	at org.springframework.beans.factory.annotation.InjectionMetadata.inject(InjectionMetadata.java:119)
	at org.springframework.beans.factory.annotation.AutowiredAnnotationBeanPostProcessor.postProcessProperties(AutowiredAnnotationBeanPostProcessor.java:399)
	... 44 common frames omitted
ERROR 20:24:45.369 [main] o.s.test.context.TestContextManager - Caught exception while allowing TestExecutionListener [org.springframework.test.context.web.ServletTestExecutionListener@5d710a8c] to prepare test instance [kr.or.dining_together.member.service.RedisUtilTest@54489962]
java.lang.IllegalStateException: Failed to load ApplicationContext
	at org.springframework.test.context.cache.DefaultCacheAwareContextLoaderDelegate.loadContext(DefaultCacheAwareContextLoaderDelegate.java:132)
	at org.springframework.test.context.support.DefaultTestContext.getApplicationContext(DefaultTestContext.java:124)
	at org.springframework.test.context.web.ServletTestExecutionListener.setUpRequestContextIfNecessary(ServletTestExecutionListener.java:190)
	at org.springframework.test.context.web.ServletTestExecutionListener.prepareTestInstance(ServletTestExecutionListener.java:132)
	at org.springframework.test.context.TestContextManager.prepareTestInstance(TestContextManager.java:244)
	at org.springframework.test.context.junit4.SpringJUnit4ClassRunner.createTest(SpringJUnit4ClassRunner.java:227)
	at org.springframework.test.context.junit4.SpringJUnit4ClassRunner$1.runReflectiveCall(SpringJUnit4ClassRunner.java:289)
	at org.junit.internal.runners.model.ReflectiveCallable.run(ReflectiveCallable.java:12)
	at org.springframework.test.context.junit4.SpringJUnit4ClassRunner.methodBlock(SpringJUnit4ClassRunner.java:291)
	at org.springframework.test.context.junit4.SpringJUnit4ClassRunner.runChild(SpringJUnit4ClassRunner.java:246)
	at org.springframework.test.context.junit4.SpringJUnit4ClassRunner.runChild(SpringJUnit4ClassRunner.java:97)
	at org.junit.runners.ParentRunner$4.run(ParentRunner.java:331)
	at org.junit.runners.ParentRunner$1.schedule(ParentRunner.java:79)
	at org.junit.runners.ParentRunner.runChildren(ParentRunner.java:329)
	at org.junit.runners.ParentRunner.access$100(ParentRunner.java:66)
	at org.junit.runners.ParentRunner$2.evaluate(ParentRunner.java:293)
	at org.springframework.test.context.junit4.statements.RunBeforeTestClassCallbacks.evaluate(RunBeforeTestClassCallbacks.java:61)
	at org.springframework.test.context.junit4.statements.RunAfterTestClassCallbacks.evaluate(RunAfterTestClassCallbacks.java:70)
	at org.junit.runners.ParentRunner$3.evaluate(ParentRunner.java:306)
	at org.junit.runners.ParentRunner.run(ParentRunner.java:413)
	at org.springframework.test.context.junit4.SpringJUnit4ClassRunner.run(SpringJUnit4ClassRunner.java:190)
	at org.apache.maven.surefire.junit4.JUnit4Provider.execute(JUnit4Provider.java:367)
	at org.apache.maven.surefire.junit4.JUnit4Provider.executeWithRerun(JUnit4Provider.java:274)
	at org.apache.maven.surefire.junit4.JUnit4Provider.executeTestSet(JUnit4Provider.java:238)
	at org.apache.maven.surefire.junit4.JUnit4Provider.invoke(JUnit4Provider.java:161)
	at org.apache.maven.surefire.booter.ForkedBooter.invokeProviderInSameClassLoader(ForkedBooter.java:290)
	at org.apache.maven.surefire.booter.ForkedBooter.runSuitesInProcess(ForkedBooter.java:242)
	at org.apache.maven.surefire.booter.ForkedBooter.main(ForkedBooter.java:121)
Caused by: org.springframework.beans.factory.BeanCreationException: Error creating bean with name 'kafkaConsumerConfig': Injection of autowired dependencies failed; nested exception is java.lang.IllegalArgumentException: Could not resolve placeholder 'kafka.bootstrapAddress' in value "${kafka.bootstrapAddress}"
	at org.springframework.beans.factory.annotation.AutowiredAnnotationBeanPostProcessor.postProcessProperties(AutowiredAnnotationBeanPostProcessor.java:405)
	at org.springframework.beans.factory.support.AbstractAutowireCapableBeanFactory.populateBean(AbstractAutowireCapableBeanFactory.java:1413)
	at org.springframework.beans.factory.support.AbstractAutowireCapableBeanFactory.doCreateBean(AbstractAutowireCapableBeanFactory.java:601)
	at org.springframework.beans.factory.support.AbstractAutowireCapableBeanFactory.createBean(AbstractAutowireCapableBeanFactory.java:524)
	at org.springframework.beans.factory.support.AbstractBeanFactory.lambda$doGetBean$0(AbstractBeanFactory.java:335)
	at org.springframework.beans.factory.support.DefaultSingletonBeanRegistry.getSingleton(DefaultSingletonBeanRegistry.java:234)
	at org.springframework.beans.factory.support.AbstractBeanFactory.doGetBean(AbstractBeanFactory.java:333)
	at org.springframework.beans.factory.support.AbstractBeanFactory.getBean(AbstractBeanFactory.java:208)
	at org.springframework.beans.factory.support.DefaultListableBeanFactory.preInstantiateSingletons(DefaultListableBeanFactory.java:944)
	at org.springframework.context.support.AbstractApplicationContext.finishBeanFactoryInitialization(AbstractApplicationContext.java:918)
	at org.springframework.context.support.AbstractApplicationContext.refresh(AbstractApplicationContext.java:583)
	at org.springframework.boot.SpringApplication.refresh(SpringApplication.java:771)
	at org.springframework.boot.SpringApplication.refresh(SpringApplication.java:763)
	at org.springframework.boot.SpringApplication.refreshContext(SpringApplication.java:438)
	at org.springframework.boot.SpringApplication.run(SpringApplication.java:339)
	at org.springframework.boot.test.context.SpringBootContextLoader.loadContext(SpringBootContextLoader.java:123)
	at org.springframework.test.context.cache.DefaultCacheAwareContextLoaderDelegate.loadContextInternal(DefaultCacheAwareContextLoaderDelegate.java:99)
	at org.springframework.test.context.cache.DefaultCacheAwareContextLoaderDelegate.loadContext(DefaultCacheAwareContextLoaderDelegate.java:124)
	... 27 common frames omitted
Caused by: java.lang.IllegalArgumentException: Could not resolve placeholder 'kafka.bootstrapAddress' in value "${kafka.bootstrapAddress}"
	at org.springframework.util.PropertyPlaceholderHelper.parseStringValue(PropertyPlaceholderHelper.java:180)
	at org.springframework.util.PropertyPlaceholderHelper.replacePlaceholders(PropertyPlaceholderHelper.java:126)
	at org.springframework.core.env.AbstractPropertyResolver.doResolvePlaceholders(AbstractPropertyResolver.java:239)
	at org.springframework.core.env.AbstractPropertyResolver.resolveRequiredPlaceholders(AbstractPropertyResolver.java:210)
	at org.springframework.context.support.PropertySourcesPlaceholderConfigurer.lambda$processProperties$0(PropertySourcesPlaceholderConfigurer.java:175)
	at org.springframework.beans.factory.support.AbstractBeanFactory.resolveEmbeddedValue(AbstractBeanFactory.java:936)
	at org.springframework.beans.factory.support.DefaultListableBeanFactory.doResolveDependency(DefaultListableBeanFactory.java:1321)
	at org.springframework.beans.factory.support.DefaultListableBeanFactory.resolveDependency(DefaultListableBeanFactory.java:1300)
	at org.springframework.beans.factory.annotation.AutowiredAnnotationBeanPostProcessor$AutowiredFieldElement.resolveFieldValue(AutowiredAnnotationBeanPostProcessor.java:657)
	at org.springframework.beans.factory.annotation.AutowiredAnnotationBeanPostProcessor$AutowiredFieldElement.inject(AutowiredAnnotationBeanPostProcessor.java:640)
	at org.springframework.beans.factory.annotation.InjectionMetadata.inject(InjectionMetadata.java:119)
	at org.springframework.beans.factory.annotation.AutowiredAnnotationBeanPostProcessor.postProcessProperties(AutowiredAnnotationBeanPostProcessor.java:399)
	... 44 common frames omitted
]]></system-out>
  </testcase>
  <testcase name="saveAndGetDataTest" classname="kr.or.dining_together.member.service.RedisUtilTest" time="0">
    <error message="Failed to load ApplicationContext" type="java.lang.IllegalStateException">java.lang.IllegalStateException: Failed to load ApplicationContext
Caused by: org.springframework.beans.factory.BeanCreationException: Error creating bean with name 'kafkaConsumerConfig': Injection of autowired dependencies failed; nested exception is java.lang.IllegalArgumentException: Could not resolve placeholder 'kafka.bootstrapAddress' in value "${kafka.bootstrapAddress}"
Caused by: java.lang.IllegalArgumentException: Could not resolve placeholder 'kafka.bootstrapAddress' in value "${kafka.bootstrapAddress}"
</error>
    <system-out><![CDATA[20:24:47,716 |-WARN in net.logstash.logback.appender.LogstashTcpSocketAppender[stash] - Log destination ::4560: connection failed. java.net.UnknownHostException: :
	at java.net.UnknownHostException: :
	at 	at java.base/java.net.AbstractPlainSocketImpl.connect(AbstractPlainSocketImpl.java:220)
	at 	at java.base/java.net.SocksSocketImpl.connect(SocksSocketImpl.java:392)
	at 	at java.base/java.net.Socket.connect(Socket.java:608)
	at 	at net.logstash.logback.appender.AbstractLogstashTcpSocketAppender$TcpSendingEventHandler.openSocket(AbstractLogstashTcpSocketAppender.java:717)
	at 	at net.logstash.logback.appender.AbstractLogstashTcpSocketAppender$TcpSendingEventHandler.onStart(AbstractLogstashTcpSocketAppender.java:637)
	at 	at net.logstash.logback.appender.AsyncDisruptorAppender$EventClearingEventHandler.onStart(AsyncDisruptorAppender.java:351)
	at 	at net.logstash.logback.encoder.com.lmax.disruptor.BatchEventProcessor.notifyStart(BatchEventProcessor.java:224)
	at 	at net.logstash.logback.encoder.com.lmax.disruptor.BatchEventProcessor.run(BatchEventProcessor.java:120)
	at 	at java.base/java.util.concurrent.Executors$RunnableAdapter.call(Executors.java:515)
	at 	at java.base/java.util.concurrent.FutureTask.run(FutureTask.java:264)
	at 	at java.base/java.util.concurrent.ScheduledThreadPoolExecutor$ScheduledFutureTask.run(ScheduledThreadPoolExecutor.java:304)
	at 	at java.base/java.util.concurrent.ThreadPoolExecutor.runWorker(ThreadPoolExecutor.java:1128)
	at 	at java.base/java.util.concurrent.ThreadPoolExecutor$Worker.run(ThreadPoolExecutor.java:628)
	at 	at java.base/java.lang.Thread.run(Thread.java:834)
20:24:47,716 |-WARN in net.logstash.logback.appender.LogstashTcpSocketAppender[stash] - Log destination ::4560: Waiting 29999ms before attempting reconnection.
20:24:49,172 |-WARN in net.logstash.logback.appender.LogstashTcpSocketAppender[stash] - Log destination ::4560: connection failed. java.net.UnknownHostException: :
	at java.net.UnknownHostException: :
	at 	at java.base/java.net.AbstractPlainSocketImpl.connect(AbstractPlainSocketImpl.java:220)
	at 	at java.base/java.net.SocksSocketImpl.connect(SocksSocketImpl.java:392)
	at 	at java.base/java.net.Socket.connect(Socket.java:608)
	at 	at net.logstash.logback.appender.AbstractLogstashTcpSocketAppender$TcpSendingEventHandler.openSocket(AbstractLogstashTcpSocketAppender.java:717)
	at 	at net.logstash.logback.appender.AbstractLogstashTcpSocketAppender$TcpSendingEventHandler.onStart(AbstractLogstashTcpSocketAppender.java:637)
	at 	at net.logstash.logback.appender.AsyncDisruptorAppender$EventClearingEventHandler.onStart(AsyncDisruptorAppender.java:351)
	at 	at net.logstash.logback.encoder.com.lmax.disruptor.BatchEventProcessor.notifyStart(BatchEventProcessor.java:224)
	at 	at net.logstash.logback.encoder.com.lmax.disruptor.BatchEventProcessor.run(BatchEventProcessor.java:120)
	at 	at java.base/java.util.concurrent.Executors$RunnableAdapter.call(Executors.java:515)
	at 	at java.base/java.util.concurrent.FutureTask.run(FutureTask.java:264)
	at 	at java.base/java.util.concurrent.ScheduledThreadPoolExecutor$ScheduledFutureTask.run(ScheduledThreadPoolExecutor.java:304)
	at 	at java.base/java.util.concurrent.ThreadPoolExecutor.runWorker(ThreadPoolExecutor.java:1128)
	at 	at java.base/java.util.concurrent.ThreadPoolExecutor$Worker.run(ThreadPoolExecutor.java:628)
	at 	at java.base/java.lang.Thread.run(Thread.java:834)
20:24:49,173 |-WARN in net.logstash.logback.appender.LogstashTcpSocketAppender[stash] - Log destination ::4560: Waiting 29999ms before attempting reconnection.

  .   ____          _            __ _ _
 /\\ / ___'_ __ _ _(_)_ __  __ _ \ \ \ \
( ( )\___ | '_ | '_| | '_ \/ _` | \ \ \ \
 \\/  ___)| |_)| | | | | || (_| |  ) ) ) )
  '  |____| .__|_| |_|_| |_\__, | / / / /
 =========|_|==============|___/=/_/_/_/
 :: Spring Boot ::       (v2.4.7-SNAPSHOT)

INFO  20:24:49.197 [main] o.s.c.c.c.ConfigServicePropertySourceLocator - Fetching config from server at : http://49.50.163.150:8888
INFO  20:24:51.026 [main] o.s.c.c.c.ConfigServicePropertySourceLocator - Located environment: name=token, profiles=[default], label=null, version=a5f7c643677bec824642c84233566f51aef58a8e, state=null
INFO  20:24:51.027 [main] o.s.c.b.c.PropertySourceBootstrapConfiguration - Located property source: [BootstrapPropertySource {name='bootstrapProperties-configClient'}, BootstrapPropertySource {name='bootstrapProperties-git@github.com:Dining-together/config.git/token.yml'}]
20:24:51,066 |-WARN in net.logstash.logback.appender.LogstashTcpSocketAppender[stash] - Log destination ::4560: connection failed. java.net.UnknownHostException: :
	at java.net.UnknownHostException: :
	at 	at java.base/java.net.AbstractPlainSocketImpl.connect(AbstractPlainSocketImpl.java:220)
	at 	at java.base/java.net.SocksSocketImpl.connect(SocksSocketImpl.java:392)
	at 	at java.base/java.net.Socket.connect(Socket.java:608)
	at 	at net.logstash.logback.appender.AbstractLogstashTcpSocketAppender$TcpSendingEventHandler.openSocket(AbstractLogstashTcpSocketAppender.java:717)
	at 	at net.logstash.logback.appender.AbstractLogstashTcpSocketAppender$TcpSendingEventHandler.onStart(AbstractLogstashTcpSocketAppender.java:637)
	at 	at net.logstash.logback.appender.AsyncDisruptorAppender$EventClearingEventHandler.onStart(AsyncDisruptorAppender.java:351)
	at 	at net.logstash.logback.encoder.com.lmax.disruptor.BatchEventProcessor.notifyStart(BatchEventProcessor.java:224)
	at 	at net.logstash.logback.encoder.com.lmax.disruptor.BatchEventProcessor.run(BatchEventProcessor.java:120)
	at 	at java.base/java.util.concurrent.Executors$RunnableAdapter.call(Executors.java:515)
	at 	at java.base/java.util.concurrent.FutureTask.run(FutureTask.java:264)
	at 	at java.base/java.util.concurrent.ScheduledThreadPoolExecutor$ScheduledFutureTask.run(ScheduledThreadPoolExecutor.java:304)
	at 	at java.base/java.util.concurrent.ThreadPoolExecutor.runWorker(ThreadPoolExecutor.java:1128)
	at 	at java.base/java.util.concurrent.ThreadPoolExecutor$Worker.run(ThreadPoolExecutor.java:628)
	at 	at java.base/java.lang.Thread.run(Thread.java:834)
20:24:51,067 |-WARN in net.logstash.logback.appender.LogstashTcpSocketAppender[stash] - Log destination ::4560: Waiting 29999ms before attempting reconnection.
WARN  20:24:51.074 [main] o.s.b.t.j.DuplicateJsonObjectContextCustomizerFactory$DuplicateJsonObjectContextCustomizer - 

Found multiple occurrences of org.json.JSONObject on the class path:

	jar:file:/C:/Users/qja96/.m2/repository/com/vaadin/external/google/android-json/0.0.20131108.vaadin1/android-json-0.0.20131108.vaadin1.jar!/org/json/JSONObject.class
	jar:file:/C:/Users/qja96/.m2/repository/org/json/json/20160212/json-20160212.jar!/org/json/JSONObject.class

You may wish to exclude one of them to ensure predictable runtime behavior

INFO  20:24:51.081 [main] k.o.d.member.service.RedisUtilTest - No active profile set, falling back to default profiles: default
INFO  20:24:51.942 [main] o.s.d.r.c.RepositoryConfigurationDelegate - Multiple Spring Data modules found, entering strict repository configuration mode!
INFO  20:24:51.942 [main] o.s.d.r.c.RepositoryConfigurationDelegate - Bootstrapping Spring Data JPA repositories in DEFAULT mode.
INFO  20:24:52.093 [main] o.s.d.r.c.RepositoryConfigurationDelegate - Finished Spring Data repository scanning in 150 ms. Found 10 JPA repository interfaces.
INFO  20:24:52.098 [main] o.s.d.r.c.RepositoryConfigurationDelegate - Multiple Spring Data modules found, entering strict repository configuration mode!
INFO  20:24:52.098 [main] o.s.d.r.c.RepositoryConfigurationDelegate - Bootstrapping Spring Data Redis repositories in DEFAULT mode.
INFO  20:24:52.138 [main] o.s.d.r.c.RepositoryConfigurationExtensionSupport - Spring Data Redis - Could not safely identify store assignment for repository candidate interface kr.or.dining_together.member.jpa.repo.CustomerFavoritesRepository. If you want this repository to be a Redis repository, consider annotating your entities with one of these annotations: org.springframework.data.redis.core.RedisHash (preferred), or consider extending one of the following types with your repository: org.springframework.data.keyvalue.repository.KeyValueRepository.
INFO  20:24:52.139 [main] o.s.d.r.c.RepositoryConfigurationExtensionSupport - Spring Data Redis - Could not safely identify store assignment for repository candidate interface kr.or.dining_together.member.jpa.repo.CustomerRepository. If you want this repository to be a Redis repository, consider annotating your entities with one of these annotations: org.springframework.data.redis.core.RedisHash (preferred), or consider extending one of the following types with your repository: org.springframework.data.keyvalue.repository.KeyValueRepository.
INFO  20:24:52.139 [main] o.s.d.r.c.RepositoryConfigurationExtensionSupport - Spring Data Redis - Could not safely identify store assignment for repository candidate interface kr.or.dining_together.member.jpa.repo.FacilityEtcRepository. If you want this repository to be a Redis repository, consider annotating your entities with one of these annotations: org.springframework.data.redis.core.RedisHash (preferred), or consider extending one of the following types with your repository: org.springframework.data.keyvalue.repository.KeyValueRepository.
INFO  20:24:52.139 [main] o.s.d.r.c.RepositoryConfigurationExtensionSupport - Spring Data Redis - Could not safely identify store assignment for repository candidate interface kr.or.dining_together.member.jpa.repo.FacilityRepository. If you want this repository to be a Redis repository, consider annotating your entities with one of these annotations: org.springframework.data.redis.core.RedisHash (preferred), or consider extending one of the following types with your repository: org.springframework.data.keyvalue.repository.KeyValueRepository.
INFO  20:24:52.139 [main] o.s.d.r.c.RepositoryConfigurationExtensionSupport - Spring Data Redis - Could not safely identify store assignment for repository candidate interface kr.or.dining_together.member.jpa.repo.MenuRepository. If you want this repository to be a Redis repository, consider annotating your entities with one of these annotations: org.springframework.data.redis.core.RedisHash (preferred), or consider extending one of the following types with your repository: org.springframework.data.keyvalue.repository.KeyValueRepository.
INFO  20:24:52.139 [main] o.s.d.r.c.RepositoryConfigurationExtensionSupport - Spring Data Redis - Could not safely identify store assignment for repository candidate interface kr.or.dining_together.member.jpa.repo.StoreFavoritesRepository. If you want this repository to be a Redis repository, consider annotating your entities with one of these annotations: org.springframework.data.redis.core.RedisHash (preferred), or consider extending one of the following types with your repository: org.springframework.data.keyvalue.repository.KeyValueRepository.
INFO  20:24:52.139 [main] o.s.d.r.c.RepositoryConfigurationExtensionSupport - Spring Data Redis - Could not safely identify store assignment for repository candidate interface kr.or.dining_together.member.jpa.repo.StoreImagesRepository. If you want this repository to be a Redis repository, consider annotating your entities with one of these annotations: org.springframework.data.redis.core.RedisHash (preferred), or consider extending one of the following types with your repository: org.springframework.data.keyvalue.repository.KeyValueRepository.
INFO  20:24:52.139 [main] o.s.d.r.c.RepositoryConfigurationExtensionSupport - Spring Data Redis - Could not safely identify store assignment for repository candidate interface kr.or.dining_together.member.jpa.repo.StoreRepository. If you want this repository to be a Redis repository, consider annotating your entities with one of these annotations: org.springframework.data.redis.core.RedisHash (preferred), or consider extending one of the following types with your repository: org.springframework.data.keyvalue.repository.KeyValueRepository.
INFO  20:24:52.140 [main] o.s.d.r.c.RepositoryConfigurationExtensionSupport - Spring Data Redis - Could not safely identify store assignment for repository candidate interface kr.or.dining_together.member.jpa.repo.UserDeviceTokenRepository. If you want this repository to be a Redis repository, consider annotating your entities with one of these annotations: org.springframework.data.redis.core.RedisHash (preferred), or consider extending one of the following types with your repository: org.springframework.data.keyvalue.repository.KeyValueRepository.
INFO  20:24:52.140 [main] o.s.d.r.c.RepositoryConfigurationExtensionSupport - Spring Data Redis - Could not safely identify store assignment for repository candidate interface kr.or.dining_together.member.jpa.repo.UserRepository. If you want this repository to be a Redis repository, consider annotating your entities with one of these annotations: org.springframework.data.redis.core.RedisHash (preferred), or consider extending one of the following types with your repository: org.springframework.data.keyvalue.repository.KeyValueRepository.
INFO  20:24:52.140 [main] o.s.d.r.c.RepositoryConfigurationDelegate - Finished Spring Data repository scanning in 41 ms. Found 0 Redis repository interfaces.
INFO  20:24:52.318 [main] o.s.cloud.context.scope.GenericScope - BeanFactory id=13202456-23ab-3cf8-81e5-3eefaae942ac
INFO  20:24:52.333 [main] o.s.c.a.ConfigurationClassEnhancer - @Bean method FunctionConfiguration.po is non-static and returns an object assignable to Spring's BeanFactoryPostProcessor interface. This will result in a failure to process annotations such as @Autowired, @Resource and @PostConstruct within the method's declaring @Configuration class. Add the 'static' modifier to this method to avoid these container lifecycle issues; see @Bean javadoc for complete details.
INFO  20:24:52.336 [main] o.s.i.c.DefaultConfiguringBeanFactoryPostProcessor - No bean named 'errorChannel' has been explicitly defined. Therefore, a default PublishSubscribeChannel will be created.
INFO  20:24:52.336 [main] o.s.i.c.DefaultConfiguringBeanFactoryPostProcessor - No bean named 'taskScheduler' has been explicitly defined. Therefore, a default ThreadPoolTaskScheduler will be created.
INFO  20:24:52.339 [main] o.s.i.c.DefaultConfiguringBeanFactoryPostProcessor - No bean named 'integrationHeaderChannelRegistry' has been explicitly defined. Therefore, a default DefaultHeaderChannelRegistry will be created.
INFO  20:24:52.535 [main] o.s.c.s.PostProcessorRegistrationDelegate$BeanPostProcessorChecker - Bean 'org.springframework.security.access.expression.method.DefaultMethodSecurityExpressionHandler@6143ae68' of type [org.springframework.security.access.expression.method.DefaultMethodSecurityExpressionHandler] is not eligible for getting processed by all BeanPostProcessors (for example: not eligible for auto-proxying)
INFO  20:24:52.556 [main] o.s.c.s.PostProcessorRegistrationDelegate$BeanPostProcessorChecker - Bean 'methodSecurityMetadataSource' of type [org.springframework.security.access.method.DelegatingMethodSecurityMetadataSource] is not eligible for getting processed by all BeanPostProcessors (for example: not eligible for auto-proxying)
INFO  20:24:52.609 [main] o.s.c.s.PostProcessorRegistrationDelegate$BeanPostProcessorChecker - Bean 'org.springframework.cloud.stream.config.BindersHealthIndicatorAutoConfiguration' of type [org.springframework.cloud.stream.config.BindersHealthIndicatorAutoConfiguration$$EnhancerBySpringCGLIB$$6cdc5582] is not eligible for getting processed by all BeanPostProcessors (for example: not eligible for auto-proxying)
INFO  20:24:52.616 [main] o.s.c.s.PostProcessorRegistrationDelegate$BeanPostProcessorChecker - Bean 'bindersHealthContributor' of type [org.springframework.cloud.stream.config.BindersHealthIndicatorAutoConfiguration$BindersHealthContributor] is not eligible for getting processed by all BeanPostProcessors (for example: not eligible for auto-proxying)
INFO  20:24:52.621 [main] o.s.c.s.PostProcessorRegistrationDelegate$BeanPostProcessorChecker - Bean 'bindersHealthIndicatorListener' of type [org.springframework.cloud.stream.config.BindersHealthIndicatorAutoConfiguration$BindersHealthIndicatorListener] is not eligible for getting processed by all BeanPostProcessors (for example: not eligible for auto-proxying)
INFO  20:24:52.645 [main] o.s.c.s.PostProcessorRegistrationDelegate$BeanPostProcessorChecker - Bean 'org.springframework.integration.config.IntegrationManagementConfiguration' of type [org.springframework.integration.config.IntegrationManagementConfiguration] is not eligible for getting processed by all BeanPostProcessors (for example: not eligible for auto-proxying)
INFO  20:24:52.670 [main] o.s.c.s.PostProcessorRegistrationDelegate$BeanPostProcessorChecker - Bean 'integrationChannelResolver' of type [org.springframework.integration.support.channel.BeanFactoryChannelResolver] is not eligible for getting processed by all BeanPostProcessors (for example: not eligible for auto-proxying)
INFO  20:24:52.673 [main] o.s.c.s.PostProcessorRegistrationDelegate$BeanPostProcessorChecker - Bean 'integrationDisposableAutoCreatedBeans' of type [org.springframework.integration.config.annotation.Disposables] is not eligible for getting processed by all BeanPostProcessors (for example: not eligible for auto-proxying)
INFO  20:24:52.862 [main] o.h.jpa.internal.util.LogHelper - HHH000204: Processing PersistenceUnitInfo [name: default]
INFO  20:24:52.882 [main] com.zaxxer.hikari.HikariDataSource - HikariPool-9 - Starting...
INFO  20:24:52.884 [main] com.zaxxer.hikari.HikariDataSource - HikariPool-9 - Start completed.
INFO  20:24:52.885 [main] org.hibernate.dialect.Dialect - HHH000400: Using dialect: org.hibernate.dialect.H2Dialect
WARN  20:24:52.894 [main] org.hibernate.cfg.AnnotationBinder - HHH000457: Joined inheritance hierarchy [kr.or.dining_together.member.jpa.entity.User] defined explicit @DiscriminatorColumn.  Legacy Hibernate behavior was to ignore the @DiscriminatorColumn.  However, as part of issue HHH-6911 we now apply the explicit @DiscriminatorColumn.  If you would prefer the legacy behavior, enable the `hibernate.discriminator.ignore_explicit_for_joined` setting (hibernate.discriminator.ignore_explicit_for_joined=true)
WARN  20:24:52.902 [main] org.hibernate.cfg.AnnotationBinder - HHH000137: Root entity should not hold a PrimaryKeyJoinColum(s), will be ignored: kr.or.dining_together.member.jpa.entity.Menu
DEBUG 20:24:53.081 [main] org.hibernate.SQL - 
    
    drop table if exists customer CASCADE 
DEBUG 20:24:53.081 [main] org.hibernate.SQL - 
    
    drop table if exists customer_favorites CASCADE 
DEBUG 20:24:53.081 [main] org.hibernate.SQL - 
    
    drop table if exists facility CASCADE 
DEBUG 20:24:53.082 [main] org.hibernate.SQL - 
    
    drop table if exists facility_etc CASCADE 
DEBUG 20:24:53.082 [main] org.hibernate.SQL - 
    
    drop table if exists menu CASCADE 
DEBUG 20:24:53.082 [main] org.hibernate.SQL - 
    
    drop table if exists store CASCADE 
DEBUG 20:24:53.082 [main] org.hibernate.SQL - 
    
    drop table if exists store_favorites CASCADE 
DEBUG 20:24:53.082 [main] org.hibernate.SQL - 
    
    drop table if exists stroe_images CASCADE 
DEBUG 20:24:53.082 [main] org.hibernate.SQL - 
    
    drop table if exists user CASCADE 
DEBUG 20:24:53.082 [main] org.hibernate.SQL - 
    
    drop table if exists user_roles CASCADE 
DEBUG 20:24:53.082 [main] org.hibernate.SQL - 
    
    drop table if exists user_device_token CASCADE 
DEBUG 20:24:53.083 [main] org.hibernate.SQL - 
    
    create table customer (
       addr varchar(255),
        age integer,
        gender varchar(100),
        latitude double not null,
        longitude double not null,
        user_id bigint not null,
        primary key (user_id)
    )
DEBUG 20:24:53.084 [main] org.hibernate.SQL - 
    
    create table customer_favorites (
       id bigint generated by default as identity,
        store_id bigint,
        user_id bigint,
        primary key (id)
    )
DEBUG 20:24:53.086 [main] org.hibernate.SQL - 
    
    create table facility (
       id bigint generated by default as identity,
        capacity integer not null,
        parking boolean not null,
        parking_count integer not null,
        store_user_id bigint,
        primary key (id)
    )
DEBUG 20:24:53.087 [main] org.hibernate.SQL - 
    
    create table facility_etc (
       id bigint generated by default as identity,
        facility_type integer,
        facility_id bigint,
        primary key (id)
    )
DEBUG 20:24:53.089 [main] org.hibernate.SQL - 
    
    create table menu (
       menu_id bigint generated by default as identity,
        description varchar(255),
        name varchar(100),
        path varchar(255),
        price integer,
        id bigint,
        primary key (menu_id)
    )
DEBUG 20:24:53.090 [main] org.hibernate.SQL - 
    
    create table store (
       addr varchar(255),
        closed_time timestamp,
        comment varchar(255),
        document_checked boolean default false,
        document_file_path varchar(255),
        latitude double not null,
        longitude double not null,
        open_time timestamp,
        phone_num varchar(255),
        review_avg double not null,
        review_cnt integer not null,
        store_type integer,
        user_id bigint not null,
        facility_id bigint,
        primary key (user_id)
    )
DEBUG 20:24:53.091 [main] org.hibernate.SQL - 
    
    create table store_favorites (
       id bigint generated by default as identity,
        auction_id bigint,
        store_id bigint,
        primary key (id)
    )
DEBUG 20:24:53.093 [main] org.hibernate.SQL - 
    
    create table stroe_images (
       id bigint generated by default as identity,
        file_name varchar(255),
        path varchar(255),
        store_id bigint,
        primary key (id)
    )
DEBUG 20:24:53.095 [main] org.hibernate.SQL - 
    
    create table user (
       user_type varchar(31) not null,
        id bigint generated by default as identity,
        created_date timestamp,
        email varchar(100) not null,
        join_date timestamp,
        name varchar(100),
        password varchar(100),
        path varchar(100),
        provider varchar(100) default 'application',
        type varchar(100),
        updated_date timestamp,
        primary key (id)
    )
DEBUG 20:24:53.097 [main] org.hibernate.SQL - 
    
    create table user_roles (
       user_id bigint not null,
        roles varchar(255)
    )
DEBUG 20:24:53.098 [main] org.hibernate.SQL - 
    
    create table user_device_token (
       id bigint generated by default as identity,
        token varchar(255),
        user_id bigint,
        primary key (id)
    )
DEBUG 20:24:53.099 [main] org.hibernate.SQL - 
    
    alter table user 
       add constraint UK_ob8kqyqqgmefl0aco34akdtpe unique (email)
DEBUG 20:24:53.099 [main] org.hibernate.SQL - 
    
    alter table customer 
       add constraint FKj8dlm21j202cadsbfkoem0s58 
       foreign key (user_id) 
       references user
DEBUG 20:24:53.100 [main] org.hibernate.SQL - 
    
    alter table customer_favorites 
       add constraint FKby6wtj438hvlcocskobsxhacb 
       foreign key (user_id) 
       references customer
DEBUG 20:24:53.103 [main] org.hibernate.SQL - 
    
    alter table facility 
       add constraint FK2t1xkkq1xf6ya9y0y0brrp24o 
       foreign key (store_user_id) 
       references store
DEBUG 20:24:53.105 [main] org.hibernate.SQL - 
    
    alter table facility_etc 
       add constraint FK2sh9do92rtcbgujf6f18yn61r 
       foreign key (facility_id) 
       references facility
DEBUG 20:24:53.106 [main] org.hibernate.SQL - 
    
    alter table menu 
       add constraint FK5bgjgtt42b2nqs5iwuerf2crv 
       foreign key (id) 
       references store
DEBUG 20:24:53.108 [main] org.hibernate.SQL - 
    
    alter table store 
       add constraint FK9fh1vnqkn5p5vvruffkttolqc 
       foreign key (facility_id) 
       references facility
DEBUG 20:24:53.110 [main] org.hibernate.SQL - 
    
    alter table store 
       add constraint FKn82wpcqrb21yddap4s3ttwnxj 
       foreign key (user_id) 
       references user
DEBUG 20:24:53.111 [main] org.hibernate.SQL - 
    
    alter table store_favorites 
       add constraint FKlvyjcmwrjqaoy8wgh3qqgptmt 
       foreign key (store_id) 
       references store
DEBUG 20:24:53.114 [main] org.hibernate.SQL - 
    
    alter table stroe_images 
       add constraint FKd6c3c0h2nw18v8itsnmtokyxh 
       foreign key (store_id) 
       references store
DEBUG 20:24:53.116 [main] org.hibernate.SQL - 
    
    alter table user_roles 
       add constraint FK55itppkw3i07do3h7qoclqd4k 
       foreign key (user_id) 
       references user
DEBUG 20:24:53.118 [main] org.hibernate.SQL - 
    
    alter table user_device_token 
       add constraint FKtjrv42kg0ssy0qcmhqgx88uwh 
       foreign key (user_id) 
       references user
INFO  20:24:53.123 [main] o.h.e.t.j.p.i.JtaPlatformInitiator - HHH000490: Using JtaPlatform implementation: [org.hibernate.engine.transaction.jta.platform.internal.NoJtaPlatform]
INFO  20:24:53.123 [main] o.s.o.j.LocalContainerEntityManagerFactoryBean - Initialized JPA EntityManagerFactory for persistence unit 'default'
WARN  20:24:53.251 [main] o.s.w.c.s.GenericWebApplicationContext - Exception encountered during context initialization - cancelling refresh attempt: org.springframework.beans.factory.BeanCreationException: Error creating bean with name 'kafkaConsumerConfig': Injection of autowired dependencies failed; nested exception is java.lang.IllegalArgumentException: Could not resolve placeholder 'kafka.bootstrapAddress' in value "${kafka.bootstrapAddress}"
INFO  20:24:53.251 [main] o.s.o.j.LocalContainerEntityManagerFactoryBean - Closing JPA EntityManagerFactory for persistence unit 'default'
INFO  20:24:53.251 [main] com.zaxxer.hikari.HikariDataSource - HikariPool-9 - Shutdown initiated...
INFO  20:24:53.252 [main] com.zaxxer.hikari.HikariDataSource - HikariPool-9 - Shutdown completed.
INFO  20:24:53.257 [main] o.s.b.a.l.ConditionEvaluationReportLoggingListener - 

Error starting ApplicationContext. To display the conditions report re-run your application with 'debug' enabled.
ERROR 20:24:53.260 [main] o.s.boot.SpringApplication - Application run failed
org.springframework.beans.factory.BeanCreationException: Error creating bean with name 'kafkaConsumerConfig': Injection of autowired dependencies failed; nested exception is java.lang.IllegalArgumentException: Could not resolve placeholder 'kafka.bootstrapAddress' in value "${kafka.bootstrapAddress}"
	at org.springframework.beans.factory.annotation.AutowiredAnnotationBeanPostProcessor.postProcessProperties(AutowiredAnnotationBeanPostProcessor.java:405)
	at org.springframework.beans.factory.support.AbstractAutowireCapableBeanFactory.populateBean(AbstractAutowireCapableBeanFactory.java:1413)
	at org.springframework.beans.factory.support.AbstractAutowireCapableBeanFactory.doCreateBean(AbstractAutowireCapableBeanFactory.java:601)
	at org.springframework.beans.factory.support.AbstractAutowireCapableBeanFactory.createBean(AbstractAutowireCapableBeanFactory.java:524)
	at org.springframework.beans.factory.support.AbstractBeanFactory.lambda$doGetBean$0(AbstractBeanFactory.java:335)
	at org.springframework.beans.factory.support.DefaultSingletonBeanRegistry.getSingleton(DefaultSingletonBeanRegistry.java:234)
	at org.springframework.beans.factory.support.AbstractBeanFactory.doGetBean(AbstractBeanFactory.java:333)
	at org.springframework.beans.factory.support.AbstractBeanFactory.getBean(AbstractBeanFactory.java:208)
	at org.springframework.beans.factory.support.DefaultListableBeanFactory.preInstantiateSingletons(DefaultListableBeanFactory.java:944)
	at org.springframework.context.support.AbstractApplicationContext.finishBeanFactoryInitialization(AbstractApplicationContext.java:918)
	at org.springframework.context.support.AbstractApplicationContext.refresh(AbstractApplicationContext.java:583)
	at org.springframework.boot.SpringApplication.refresh(SpringApplication.java:771)
	at org.springframework.boot.SpringApplication.refresh(SpringApplication.java:763)
	at org.springframework.boot.SpringApplication.refreshContext(SpringApplication.java:438)
	at org.springframework.boot.SpringApplication.run(SpringApplication.java:339)
	at org.springframework.boot.test.context.SpringBootContextLoader.loadContext(SpringBootContextLoader.java:123)
	at org.springframework.test.context.cache.DefaultCacheAwareContextLoaderDelegate.loadContextInternal(DefaultCacheAwareContextLoaderDelegate.java:99)
	at org.springframework.test.context.cache.DefaultCacheAwareContextLoaderDelegate.loadContext(DefaultCacheAwareContextLoaderDelegate.java:124)
	at org.springframework.test.context.support.DefaultTestContext.getApplicationContext(DefaultTestContext.java:124)
	at org.springframework.test.context.web.ServletTestExecutionListener.setUpRequestContextIfNecessary(ServletTestExecutionListener.java:190)
	at org.springframework.test.context.web.ServletTestExecutionListener.prepareTestInstance(ServletTestExecutionListener.java:132)
	at org.springframework.test.context.TestContextManager.prepareTestInstance(TestContextManager.java:244)
	at org.springframework.test.context.junit4.SpringJUnit4ClassRunner.createTest(SpringJUnit4ClassRunner.java:227)
	at org.springframework.test.context.junit4.SpringJUnit4ClassRunner$1.runReflectiveCall(SpringJUnit4ClassRunner.java:289)
	at org.junit.internal.runners.model.ReflectiveCallable.run(ReflectiveCallable.java:12)
	at org.springframework.test.context.junit4.SpringJUnit4ClassRunner.methodBlock(SpringJUnit4ClassRunner.java:291)
	at org.springframework.test.context.junit4.SpringJUnit4ClassRunner.runChild(SpringJUnit4ClassRunner.java:246)
	at org.springframework.test.context.junit4.SpringJUnit4ClassRunner.runChild(SpringJUnit4ClassRunner.java:97)
	at org.junit.runners.ParentRunner$4.run(ParentRunner.java:331)
	at org.junit.runners.ParentRunner$1.schedule(ParentRunner.java:79)
	at org.junit.runners.ParentRunner.runChildren(ParentRunner.java:329)
	at org.junit.runners.ParentRunner.access$100(ParentRunner.java:66)
	at org.junit.runners.ParentRunner$2.evaluate(ParentRunner.java:293)
	at org.springframework.test.context.junit4.statements.RunBeforeTestClassCallbacks.evaluate(RunBeforeTestClassCallbacks.java:61)
	at org.springframework.test.context.junit4.statements.RunAfterTestClassCallbacks.evaluate(RunAfterTestClassCallbacks.java:70)
	at org.junit.runners.ParentRunner$3.evaluate(ParentRunner.java:306)
	at org.junit.runners.ParentRunner.run(ParentRunner.java:413)
	at org.springframework.test.context.junit4.SpringJUnit4ClassRunner.run(SpringJUnit4ClassRunner.java:190)
	at org.apache.maven.surefire.junit4.JUnit4Provider.execute(JUnit4Provider.java:367)
	at org.apache.maven.surefire.junit4.JUnit4Provider.executeWithRerun(JUnit4Provider.java:274)
	at org.apache.maven.surefire.junit4.JUnit4Provider.executeTestSet(JUnit4Provider.java:238)
	at org.apache.maven.surefire.junit4.JUnit4Provider.invoke(JUnit4Provider.java:161)
	at org.apache.maven.surefire.booter.ForkedBooter.invokeProviderInSameClassLoader(ForkedBooter.java:290)
	at org.apache.maven.surefire.booter.ForkedBooter.runSuitesInProcess(ForkedBooter.java:242)
	at org.apache.maven.surefire.booter.ForkedBooter.main(ForkedBooter.java:121)
Caused by: java.lang.IllegalArgumentException: Could not resolve placeholder 'kafka.bootstrapAddress' in value "${kafka.bootstrapAddress}"
	at org.springframework.util.PropertyPlaceholderHelper.parseStringValue(PropertyPlaceholderHelper.java:180)
	at org.springframework.util.PropertyPlaceholderHelper.replacePlaceholders(PropertyPlaceholderHelper.java:126)
	at org.springframework.core.env.AbstractPropertyResolver.doResolvePlaceholders(AbstractPropertyResolver.java:239)
	at org.springframework.core.env.AbstractPropertyResolver.resolveRequiredPlaceholders(AbstractPropertyResolver.java:210)
	at org.springframework.context.support.PropertySourcesPlaceholderConfigurer.lambda$processProperties$0(PropertySourcesPlaceholderConfigurer.java:175)
	at org.springframework.beans.factory.support.AbstractBeanFactory.resolveEmbeddedValue(AbstractBeanFactory.java:936)
	at org.springframework.beans.factory.support.DefaultListableBeanFactory.doResolveDependency(DefaultListableBeanFactory.java:1321)
	at org.springframework.beans.factory.support.DefaultListableBeanFactory.resolveDependency(DefaultListableBeanFactory.java:1300)
	at org.springframework.beans.factory.annotation.AutowiredAnnotationBeanPostProcessor$AutowiredFieldElement.resolveFieldValue(AutowiredAnnotationBeanPostProcessor.java:657)
	at org.springframework.beans.factory.annotation.AutowiredAnnotationBeanPostProcessor$AutowiredFieldElement.inject(AutowiredAnnotationBeanPostProcessor.java:640)
	at org.springframework.beans.factory.annotation.InjectionMetadata.inject(InjectionMetadata.java:119)
	at org.springframework.beans.factory.annotation.AutowiredAnnotationBeanPostProcessor.postProcessProperties(AutowiredAnnotationBeanPostProcessor.java:399)
	... 44 common frames omitted
ERROR 20:24:53.260 [main] o.s.test.context.TestContextManager - Caught exception while allowing TestExecutionListener [org.springframework.test.context.web.ServletTestExecutionListener@5d710a8c] to prepare test instance [kr.or.dining_together.member.service.RedisUtilTest@210c047e]
java.lang.IllegalStateException: Failed to load ApplicationContext
	at org.springframework.test.context.cache.DefaultCacheAwareContextLoaderDelegate.loadContext(DefaultCacheAwareContextLoaderDelegate.java:132)
	at org.springframework.test.context.support.DefaultTestContext.getApplicationContext(DefaultTestContext.java:124)
	at org.springframework.test.context.web.ServletTestExecutionListener.setUpRequestContextIfNecessary(ServletTestExecutionListener.java:190)
	at org.springframework.test.context.web.ServletTestExecutionListener.prepareTestInstance(ServletTestExecutionListener.java:132)
	at org.springframework.test.context.TestContextManager.prepareTestInstance(TestContextManager.java:244)
	at org.springframework.test.context.junit4.SpringJUnit4ClassRunner.createTest(SpringJUnit4ClassRunner.java:227)
	at org.springframework.test.context.junit4.SpringJUnit4ClassRunner$1.runReflectiveCall(SpringJUnit4ClassRunner.java:289)
	at org.junit.internal.runners.model.ReflectiveCallable.run(ReflectiveCallable.java:12)
	at org.springframework.test.context.junit4.SpringJUnit4ClassRunner.methodBlock(SpringJUnit4ClassRunner.java:291)
	at org.springframework.test.context.junit4.SpringJUnit4ClassRunner.runChild(SpringJUnit4ClassRunner.java:246)
	at org.springframework.test.context.junit4.SpringJUnit4ClassRunner.runChild(SpringJUnit4ClassRunner.java:97)
	at org.junit.runners.ParentRunner$4.run(ParentRunner.java:331)
	at org.junit.runners.ParentRunner$1.schedule(ParentRunner.java:79)
	at org.junit.runners.ParentRunner.runChildren(ParentRunner.java:329)
	at org.junit.runners.ParentRunner.access$100(ParentRunner.java:66)
	at org.junit.runners.ParentRunner$2.evaluate(ParentRunner.java:293)
	at org.springframework.test.context.junit4.statements.RunBeforeTestClassCallbacks.evaluate(RunBeforeTestClassCallbacks.java:61)
	at org.springframework.test.context.junit4.statements.RunAfterTestClassCallbacks.evaluate(RunAfterTestClassCallbacks.java:70)
	at org.junit.runners.ParentRunner$3.evaluate(ParentRunner.java:306)
	at org.junit.runners.ParentRunner.run(ParentRunner.java:413)
	at org.springframework.test.context.junit4.SpringJUnit4ClassRunner.run(SpringJUnit4ClassRunner.java:190)
	at org.apache.maven.surefire.junit4.JUnit4Provider.execute(JUnit4Provider.java:367)
	at org.apache.maven.surefire.junit4.JUnit4Provider.executeWithRerun(JUnit4Provider.java:274)
	at org.apache.maven.surefire.junit4.JUnit4Provider.executeTestSet(JUnit4Provider.java:238)
	at org.apache.maven.surefire.junit4.JUnit4Provider.invoke(JUnit4Provider.java:161)
	at org.apache.maven.surefire.booter.ForkedBooter.invokeProviderInSameClassLoader(ForkedBooter.java:290)
	at org.apache.maven.surefire.booter.ForkedBooter.runSuitesInProcess(ForkedBooter.java:242)
	at org.apache.maven.surefire.booter.ForkedBooter.main(ForkedBooter.java:121)
Caused by: org.springframework.beans.factory.BeanCreationException: Error creating bean with name 'kafkaConsumerConfig': Injection of autowired dependencies failed; nested exception is java.lang.IllegalArgumentException: Could not resolve placeholder 'kafka.bootstrapAddress' in value "${kafka.bootstrapAddress}"
	at org.springframework.beans.factory.annotation.AutowiredAnnotationBeanPostProcessor.postProcessProperties(AutowiredAnnotationBeanPostProcessor.java:405)
	at org.springframework.beans.factory.support.AbstractAutowireCapableBeanFactory.populateBean(AbstractAutowireCapableBeanFactory.java:1413)
	at org.springframework.beans.factory.support.AbstractAutowireCapableBeanFactory.doCreateBean(AbstractAutowireCapableBeanFactory.java:601)
	at org.springframework.beans.factory.support.AbstractAutowireCapableBeanFactory.createBean(AbstractAutowireCapableBeanFactory.java:524)
	at org.springframework.beans.factory.support.AbstractBeanFactory.lambda$doGetBean$0(AbstractBeanFactory.java:335)
	at org.springframework.beans.factory.support.DefaultSingletonBeanRegistry.getSingleton(DefaultSingletonBeanRegistry.java:234)
	at org.springframework.beans.factory.support.AbstractBeanFactory.doGetBean(AbstractBeanFactory.java:333)
	at org.springframework.beans.factory.support.AbstractBeanFactory.getBean(AbstractBeanFactory.java:208)
	at org.springframework.beans.factory.support.DefaultListableBeanFactory.preInstantiateSingletons(DefaultListableBeanFactory.java:944)
	at org.springframework.context.support.AbstractApplicationContext.finishBeanFactoryInitialization(AbstractApplicationContext.java:918)
	at org.springframework.context.support.AbstractApplicationContext.refresh(AbstractApplicationContext.java:583)
	at org.springframework.boot.SpringApplication.refresh(SpringApplication.java:771)
	at org.springframework.boot.SpringApplication.refresh(SpringApplication.java:763)
	at org.springframework.boot.SpringApplication.refreshContext(SpringApplication.java:438)
	at org.springframework.boot.SpringApplication.run(SpringApplication.java:339)
	at org.springframework.boot.test.context.SpringBootContextLoader.loadContext(SpringBootContextLoader.java:123)
	at org.springframework.test.context.cache.DefaultCacheAwareContextLoaderDelegate.loadContextInternal(DefaultCacheAwareContextLoaderDelegate.java:99)
	at org.springframework.test.context.cache.DefaultCacheAwareContextLoaderDelegate.loadContext(DefaultCacheAwareContextLoaderDelegate.java:124)
	... 27 common frames omitted
Caused by: java.lang.IllegalArgumentException: Could not resolve placeholder 'kafka.bootstrapAddress' in value "${kafka.bootstrapAddress}"
	at org.springframework.util.PropertyPlaceholderHelper.parseStringValue(PropertyPlaceholderHelper.java:180)
	at org.springframework.util.PropertyPlaceholderHelper.replacePlaceholders(PropertyPlaceholderHelper.java:126)
	at org.springframework.core.env.AbstractPropertyResolver.doResolvePlaceholders(AbstractPropertyResolver.java:239)
	at org.springframework.core.env.AbstractPropertyResolver.resolveRequiredPlaceholders(AbstractPropertyResolver.java:210)
	at org.springframework.context.support.PropertySourcesPlaceholderConfigurer.lambda$processProperties$0(PropertySourcesPlaceholderConfigurer.java:175)
	at org.springframework.beans.factory.support.AbstractBeanFactory.resolveEmbeddedValue(AbstractBeanFactory.java:936)
	at org.springframework.beans.factory.support.DefaultListableBeanFactory.doResolveDependency(DefaultListableBeanFactory.java:1321)
	at org.springframework.beans.factory.support.DefaultListableBeanFactory.resolveDependency(DefaultListableBeanFactory.java:1300)
	at org.springframework.beans.factory.annotation.AutowiredAnnotationBeanPostProcessor$AutowiredFieldElement.resolveFieldValue(AutowiredAnnotationBeanPostProcessor.java:657)
	at org.springframework.beans.factory.annotation.AutowiredAnnotationBeanPostProcessor$AutowiredFieldElement.inject(AutowiredAnnotationBeanPostProcessor.java:640)
	at org.springframework.beans.factory.annotation.InjectionMetadata.inject(InjectionMetadata.java:119)
	at org.springframework.beans.factory.annotation.AutowiredAnnotationBeanPostProcessor.postProcessProperties(AutowiredAnnotationBeanPostProcessor.java:399)
	... 44 common frames omitted
]]></system-out>
  </testcase>
</testsuite>